2021-06-22 06:51:01.762002 : start converting log data to mongodb
2021-06-22 06:51:01.813583 : end converting log data to mongodb
2021-06-22 07:01:01.786621 : start converting log data to mongodb
2021-06-22 07:01:01.841071 : end converting log data to mongodb
2021-06-22 07:11:01.487179 : start converting log data to mongodb
2021-06-22 07:11:01.542536 : end converting log data to mongodb
2021-06-22 07:41:01.337572 : start converting log data to mongodb
2021-06-22 07:41:01.389174 : end converting log data to mongodb
2021-06-22 07:51:02.028082 : start converting log data to mongodb
2021-06-22 07:51:02.085741 : end converting log data to mongodb
2021-06-22 08:01:01.749919 : start converting log data to mongodb
2021-06-22 08:01:01.821739 : end converting log data to mongodb
2021-06-22 08:11:01.434162 : start converting log data to mongodb
2021-06-22 08:11:01.486067 : end converting log data to mongodb
2021-06-22 08:21:02.119287 : start converting log data to mongodb
2021-06-22 08:21:02.172991 : end converting log data to mongodb
2021-06-22 08:31:01.807896 : start converting log data to mongodb
2021-06-22 08:31:01.860528 : end converting log data to mongodb
2021-06-22 08:41:01.494480 : start converting log data to mongodb
2021-06-22 08:41:01.545515 : end converting log data to mongodb
2021-06-22 08:51:01.181964 : start converting log data to mongodb
2021-06-22 08:51:01.231742 : end converting log data to mongodb
2021-06-22 09:01:01.887427 : start converting log data to mongodb
2021-06-22 09:01:01.940970 : end converting log data to mongodb
2021-06-22 09:11:01.571883 : start converting log data to mongodb
2021-06-22 09:11:01.622197 : end converting log data to mongodb
2021-06-22 09:21:01.259036 : start converting log data to mongodb
2021-06-22 09:21:01.312371 : end converting log data to mongodb
2021-06-22 09:31:01.970048 : start converting log data to mongodb
2021-06-22 09:31:02.025215 : end converting log data to mongodb
2021-06-22 09:41:01.658130 : start converting log data to mongodb
2021-06-22 09:41:01.707198 : end converting log data to mongodb
2021-06-22 09:51:01.340751 : start converting log data to mongodb
2021-06-22 09:51:01.391318 : end converting log data to mongodb
2021-06-22 10:01:02.052495 : start converting log data to mongodb
2021-06-22 10:01:02.105187 : end converting log data to mongodb
2021-06-22 10:11:01.733951 : start converting log data to mongodb
2021-06-22 10:11:01.786162 : end converting log data to mongodb
2021-06-22 10:21:01.433009 : start converting log data to mongodb
2021-06-22 10:21:01.492037 : end converting log data to mongodb
2021-06-22 10:31:02.145171 : start converting log data to mongodb
2021-06-22 10:31:02.199640 : end converting log data to mongodb
2021-06-22 10:41:01.839672 : start converting log data to mongodb
2021-06-22 10:41:01.890412 : end converting log data to mongodb
2021-06-22 10:51:01.549534 : start converting log data to mongodb
2021-06-22 10:51:01.601372 : end converting log data to mongodb
2021-06-22 11:01:01.258664 : start converting log data to mongodb
2021-06-22 11:01:01.316524 : end converting log data to mongodb
2021-06-22 11:11:01.944768 : start converting log data to mongodb
2021-06-22 11:11:01.996036 : end converting log data to mongodb
2021-06-22 11:21:01.632872 : start converting log data to mongodb
2021-06-22 11:21:01.684464 : end converting log data to mongodb
2021-06-22 11:31:01.331935 : start converting log data to mongodb
2021-06-22 11:31:01.384859 : end converting log data to mongodb
2021-06-22 11:41:02.017466 : start converting log data to mongodb
2021-06-22 11:41:02.067813 : end converting log data to mongodb
2021-06-22 11:51:01.697830 : start converting log data to mongodb
2021-06-22 11:51:01.749659 : end converting log data to mongodb
2021-06-22 12:01:01.414735 : start converting log data to mongodb
2021-06-22 12:01:01.502927 : end converting log data to mongodb
2021-06-22 12:11:02.100318 : start converting log data to mongodb
2021-06-22 12:11:02.172507 : end converting log data to mongodb
2021-06-22 12:21:01.787737 : start converting log data to mongodb
2021-06-22 12:21:01.842171 : end converting log data to mongodb
2021-06-22 12:31:01.474776 : start converting log data to mongodb
2021-06-22 12:31:01.529874 : end converting log data to mongodb
2021-06-22 12:41:01.179155 : start converting log data to mongodb
2021-06-22 12:41:01.231802 : end converting log data to mongodb
2021-06-22 12:51:01.878858 : start converting log data to mongodb
2021-06-22 12:51:01.929880 : end converting log data to mongodb
2021-06-22 13:01:01.573276 : start converting log data to mongodb
2021-06-22 13:01:01.625842 : end converting log data to mongodb
2021-06-22 13:11:01.278471 : start converting log data to mongodb
2021-06-22 13:11:01.330009 : end converting log data to mongodb
2021-06-22 13:21:01.965332 : start converting log data to mongodb
2021-06-22 13:21:02.018464 : end converting log data to mongodb
2021-06-22 13:31:01.667550 : start converting log data to mongodb
2021-06-22 13:31:01.723255 : end converting log data to mongodb
2021-06-22 13:41:01.373540 : start converting log data to mongodb
2021-06-22 13:41:01.425770 : end converting log data to mongodb
2021-06-22 13:51:02.070654 : start converting log data to mongodb
2021-06-22 13:51:02.122082 : end converting log data to mongodb
2021-06-22 14:01:01.779462 : start converting log data to mongodb
2021-06-22 14:01:01.835095 : end converting log data to mongodb
2021-06-22 14:11:01.472293 : start converting log data to mongodb
2021-06-22 14:11:01.525517 : end converting log data to mongodb
2021-06-22 14:21:01.168093 : start converting log data to mongodb
2021-06-22 14:21:01.218198 : end converting log data to mongodb
2021-06-22 14:31:01.866591 : start converting log data to mongodb
2021-06-22 14:31:01.920499 : end converting log data to mongodb
2021-06-22 14:41:01.553789 : start converting log data to mongodb
2021-06-22 14:41:01.626405 : end converting log data to mongodb
2021-06-22 14:51:01.245292 : start converting log data to mongodb
2021-06-22 14:51:01.298384 : end converting log data to mongodb
2021-06-22 15:01:01.947048 : start converting log data to mongodb
2021-06-22 15:01:02.003018 : end converting log data to mongodb
2021-06-22 15:51:01.294674 : start converting log data to mongodb
2021-06-22 15:51:01.352165 : end converting log data to mongodb
2021-06-22 16:01:01.986553 : start converting log data to mongodb
2021-06-22 16:01:02.059810 : end converting log data to mongodb
2021-06-22 16:51:01.846212 : start converting log data to mongodb
2021-06-22 16:51:01.953469 : end converting log data to mongodb
2021-06-22 17:01:01.583059 : start converting log data to mongodb
2021-06-22 17:01:01.687482 : end converting log data to mongodb
2021-06-22 17:51:01.457642 : start converting log data to mongodb
Traceback (most recent call last):
  File "/home/vending/python/cron.py", line 1145, in <module>
    main()
  File "/home/vending/python/cron.py", line 1141, in main
    importMachineData(dir)
  File "/home/vending/python/cron.py", line 1129, in importMachineData
    ImportLogData(dir)
  File "/home/vending/python/cron.py", line 238, in ImportLogData
    checkCashCoinTransaction(line, time, line_no + 1)
  File "/home/vending/python/cron.py", line 528, in checkCashCoinTransaction
    tubeLevelArray[index] = numOfCoin.group(1)
IndexError: list assignment index out of range
2021-06-22 18:01:01.161518 : start converting log data to mongodb
Traceback (most recent call last):
  File "/home/vending/python/cron.py", line 1145, in <module>
    main()
  File "/home/vending/python/cron.py", line 1141, in main
    importMachineData(dir)
  File "/home/vending/python/cron.py", line 1129, in importMachineData
    ImportLogData(dir)
  File "/home/vending/python/cron.py", line 238, in ImportLogData
    checkCashCoinTransaction(line, time, line_no + 1)
  File "/home/vending/python/cron.py", line 528, in checkCashCoinTransaction
    tubeLevelArray[index] = numOfCoin.group(1)
IndexError: list assignment index out of range
2021-06-22 18:51:02.014373 : start converting log data to mongodb
Traceback (most recent call last):
  File "/home/vending/python/cron.py", line 1145, in <module>
    main()
  File "/home/vending/python/cron.py", line 1141, in main
    importMachineData(dir)
  File "/home/vending/python/cron.py", line 1129, in importMachineData
    ImportLogData(dir)
  File "/home/vending/python/cron.py", line 238, in ImportLogData
    checkCashCoinTransaction(line, time, line_no + 1)
  File "/home/vending/python/cron.py", line 528, in checkCashCoinTransaction
    tubeLevelArray[index] = numOfCoin.group(1)
IndexError: list assignment index out of range
2021-06-22 19:01:01.731471 : start converting log data to mongodb
Traceback (most recent call last):
  File "/home/vending/python/cron.py", line 1145, in <module>
    main()
  File "/home/vending/python/cron.py", line 1141, in main
    importMachineData(dir)
  File "/home/vending/python/cron.py", line 1129, in importMachineData
    ImportLogData(dir)
  File "/home/vending/python/cron.py", line 238, in ImportLogData
    checkCashCoinTransaction(line, time, line_no + 1)
  File "/home/vending/python/cron.py", line 528, in checkCashCoinTransaction
    tubeLevelArray[index] = numOfCoin.group(1)
IndexError: list assignment index out of range
2021-06-22 19:51:01.719622 : start converting log data to mongodb
2021-06-22 19:51:01.915262 : end converting log data to mongodb
2021-06-22 20:01:01.424449 : start converting log data to mongodb
2021-06-22 20:01:01.475213 : end converting log data to mongodb
2021-06-22 20:51:01.386158 : start converting log data to mongodb
2021-06-22 20:51:01.629327 : end converting log data to mongodb
2021-06-22 21:01:02.109975 : start converting log data to mongodb
2021-06-22 21:01:02.265786 : end converting log data to mongodb
2021-06-22 21:51:01.997281 : start converting log data to mongodb
2021-06-22 21:51:02.202158 : end converting log data to mongodb
2021-06-22 22:01:01.711771 : start converting log data to mongodb
2021-06-22 22:01:01.842504 : end converting log data to mongodb
2021-06-22 22:51:01.579106 : start converting log data to mongodb
2021-06-22 22:51:01.837213 : end converting log data to mongodb
2021-06-22 23:01:01.294209 : start converting log data to mongodb
2021-06-22 23:01:01.417741 : end converting log data to mongodb
